\BOOKMARK [1][-]{section.1}{Indledning}{}% 1
\BOOKMARK [2][-]{subsection.1.1}{Form\345l}{section.1}% 2
\BOOKMARK [2][-]{subsection.1.2}{Referencer}{section.1}% 3
\BOOKMARK [2][-]{subsection.1.3}{L\346sevejledning}{section.1}% 4
\BOOKMARK [1][-]{section.2}{General beskrivelse}{}% 5
\BOOKMARK [2][-]{subsection.2.1}{Systembeskrivelse}{section.2}% 6
\BOOKMARK [3][-]{subsubsection.2.1.1}{Systemoversigt}{subsection.2.1}% 7
\BOOKMARK [2][-]{subsection.2.2}{Systemets funktioner}{section.2}% 8
\BOOKMARK [3][-]{subsubsection.2.2.1}{Use Case diagram}{subsection.2.2}% 9
\BOOKMARK [2][-]{subsection.2.3}{Systemets begr\346nsninger}{section.2}% 10
\BOOKMARK [2][-]{subsection.2.4}{Brugerprofil}{section.2}% 11
\BOOKMARK [2][-]{subsection.2.5}{Krav til udviklingsforl\370bet}{section.2}% 12
\BOOKMARK [3][-]{subsubsection.2.5.1}{Obligatoriske udviklingsv\346rkt\370jer}{subsection.2.5}% 13
\BOOKMARK [3][-]{subsubsection.2.5.2}{Gruppedefinerede udviklingsv\346rkt\370jer}{subsection.2.5}% 14
\BOOKMARK [2][-]{subsection.2.6}{Foruds\346tninger}{section.2}% 15
\BOOKMARK [1][-]{section.3}{Funktionelle krav - Use Cases}{}% 16
\BOOKMARK [2][-]{subsection.3.1}{Use Case 1: Vis liste af Busruter}{section.3}% 17
\BOOKMARK [2][-]{subsection.3.2}{Use Case 2: F\345 placering af alle busser og stoppesteder p\345 valgt rute}{section.3}% 18
\BOOKMARK [2][-]{subsection.3.3}{Use Case 3: F\345 placering af enkelt bus.}{section.3}% 19
\BOOKMARK [2][-]{subsection.3.4}{Use Case 4: Tilf\370j/Fjern busrute til liste af favoritter}{section.3}% 20
\BOOKMARK [2][-]{subsection.3.5}{Use Case 5: Tilf\370j/fjern/\346ndre information om bus}{section.3}% 21
\BOOKMARK [2][-]{subsection.3.6}{Use Case 6: Tilf\370j/fjern bus p\345/fra rute}{section.3}% 22
\BOOKMARK [2][-]{subsection.3.7}{Use Case 7: Tilf\370j/Fjern/\306ndre busruteplan}{section.3}% 23
\BOOKMARK [1][-]{section.4}{Eksterne gr\346nseflader}{}% 24
\BOOKMARK [2][-]{subsection.4.1}{Brugergr\346nseflade}{section.4}% 25
\BOOKMARK [2][-]{subsection.4.2}{Hardware gr\346nseflader}{section.4}% 26
\BOOKMARK [1][-]{section.5}{Kvalitetsfaktorer}{}% 27
\BOOKMARK [1][-]{section.6}{Designkrav}{}% 28
\BOOKMARK [1][-]{section.7}{\330vrige krav}{}% 29
\BOOKMARK [1][-]{section.8}{Delleveringer}{}% 30
