This is pdfTeX, Version 3.1415926-2.4-1.40.13 (MiKTeX 2.9) (preloaded format=pdflatex 2013.9.12)  13 SEP 2013 12:59
entering extended mode
**Kravspec_main.tex

("C:\Users\lasse\Desktop\Skole\TrackABus\3 - Andre Dokumenter\02_Kravspecifikat
ion\Kravspec_main.tex"
LaTeX2e <2011/06/27>
Babel <v3.8m> and hyphenation patterns for english, afrikaans, ancientgreek, ar
abic, armenian, assamese, basque, bengali, bokmal, bulgarian, catalan, coptic, 
croatian, czech, danish, dutch, esperanto, estonian, farsi, finnish, french, ga
lician, german, german-x-2012-05-30, greek, gujarati, hindi, hungarian, iceland
ic, indonesian, interlingua, irish, italian, kannada, kurmanji, latin, latvian,
 lithuanian, malayalam, marathi, mongolian, mongolianlmc, monogreek, ngerman, n
german-x-2012-05-30, nynorsk, oriya, panjabi, pinyin, polish, portuguese, roman
ian, russian, sanskrit, serbian, slovak, slovenian, spanish, swedish, swissgerm
an, tamil, telugu, turkish, turkmen, ukenglish, ukrainian, uppersorbian, usengl
ishmax, welsh, loaded.
("C:\Program Files (x86)\MiKTeX 2.9\tex\latex\base\article.cls"
Document Class: article 2007/10/19 v1.4h Standard LaTeX document class
("C:\Program Files (x86)\MiKTeX 2.9\tex\latex\base\size12.clo"
File: size12.clo 2007/10/19 v1.4h Standard LaTeX file (size option)
)
\c@part=\count79
\c@section=\count80
\c@subsection=\count81
\c@subsubsection=\count82
\c@paragraph=\count83
\c@subparagraph=\count84
\c@figure=\count85
\c@table=\count86
\abovecaptionskip=\skip41
\belowcaptionskip=\skip42
\bibindent=\dimen102
)
("C:\Program Files (x86)\MiKTeX 2.9\tex\latex\base\inputenc.sty"
Package: inputenc 2008/03/30 v1.1d Input encoding file
\inpenc@prehook=\toks14
\inpenc@posthook=\toks15

("C:\Program Files (x86)\MiKTeX 2.9\tex\latex\base\ansinew.def"
File: ansinew.def 2008/03/30 v1.1d Input encoding file
))
("C:\Users\lasse\Desktop\Skole\TrackABus\3 - Andre Dokumenter\02_Kravspecifikat
ion\Global_preamble.tex"
("C:\Program Files (x86)\MiKTeX 2.9\tex\latex\base\fontenc.sty"
Package: fontenc 2005/09/27 v1.99g Standard LaTeX package

("C:\Program Files (x86)\MiKTeX 2.9\tex\latex\base\t1enc.def"
File: t1enc.def 2005/09/27 v1.99g Standard LaTeX file
LaTeX Font Info:    Redeclaring font encoding T1 on input line 43.
))
("C:\Program Files (x86)\MiKTeX 2.9\tex\generic\babel\babel.sty"
Package: babel 2008/07/08 v3.8m The Babel package

*************************************
* Local config file bblopts.cfg used
*
("C:\Program Files (x86)\MiKTeX 2.9\tex\latex\00miktex\bblopts.cfg"
File: bblopts.cfg 2006/07/31 v1.0 MiKTeX 'babel' configuration
)
("C:\Program Files (x86)\MiKTeX 2.9\tex\generic\babel\danish.ldf"
Language: danish 2009/09/19 v1.3r Danish support from the babel system

("C:\Program Files (x86)\MiKTeX 2.9\tex\generic\babel\babel.def"
File: babel.def 2008/07/08 v3.8m Babel common definitions
\babel@savecnt=\count87
\U@D=\dimen103
)
Package babel Info: Making " an active character on input line 82.
))
("C:\Program Files (x86)\MiKTeX 2.9\tex\latex\amsmath\amsmath.sty"
Package: amsmath 2013/01/14 v2.14 AMS math features
\@mathmargin=\skip43

For additional information on amsmath, use the `?' option.
("C:\Program Files (x86)\MiKTeX 2.9\tex\latex\amsmath\amstext.sty"
Package: amstext 2000/06/29 v2.01

("C:\Program Files (x86)\MiKTeX 2.9\tex\latex\amsmath\amsgen.sty"
File: amsgen.sty 1999/11/30 v2.0
\@emptytoks=\toks16
\ex@=\dimen104
))
("C:\Program Files (x86)\MiKTeX 2.9\tex\latex\amsmath\amsbsy.sty"
Package: amsbsy 1999/11/29 v1.2d
\pmbraise@=\dimen105
)
("C:\Program Files (x86)\MiKTeX 2.9\tex\latex\amsmath\amsopn.sty"
Package: amsopn 1999/12/14 v2.01 operator names
)
\inf@bad=\count88
LaTeX Info: Redefining \frac on input line 210.
\uproot@=\count89
\leftroot@=\count90
LaTeX Info: Redefining \overline on input line 306.
\classnum@=\count91
\DOTSCASE@=\count92
LaTeX Info: Redefining \ldots on input line 378.
LaTeX Info: Redefining \dots on input line 381.
LaTeX Info: Redefining \cdots on input line 466.
\Mathstrutbox@=\box26
\strutbox@=\box27
\big@size=\dimen106
LaTeX Font Info:    Redeclaring font encoding OML on input line 566.
LaTeX Font Info:    Redeclaring font encoding OMS on input line 567.
\macc@depth=\count93
\c@MaxMatrixCols=\count94
\dotsspace@=\muskip10
\c@parentequation=\count95
\dspbrk@lvl=\count96
\tag@help=\toks17
\row@=\count97
\column@=\count98
\maxfields@=\count99
\andhelp@=\toks18
\eqnshift@=\dimen107
\alignsep@=\dimen108
\tagshift@=\dimen109
\tagwidth@=\dimen110
\totwidth@=\dimen111
\lineht@=\dimen112
\@envbody=\toks19
\multlinegap=\skip44
\multlinetaggap=\skip45
\mathdisplay@stack=\toks20
LaTeX Info: Redefining \[ on input line 2665.
LaTeX Info: Redefining \] on input line 2666.
)
("C:\Program Files (x86)\MiKTeX 2.9\tex\latex\amsfonts\amsfonts.sty"
Package: amsfonts 2013/01/14 v3.01 Basic AMSFonts support
\symAMSa=\mathgroup4
\symAMSb=\mathgroup5
LaTeX Font Info:    Overwriting math alphabet `\mathfrak' in version `bold'
(Font)                  U/euf/m/n --> U/euf/b/n on input line 106.
)
("C:\Program Files (x86)\MiKTeX 2.9\tex\latex\amsfonts\amssymb.sty"
Package: amssymb 2013/01/14 v3.01 AMS font symbols
)
("C:\Program Files (x86)\MiKTeX 2.9\tex\latex\graphics\graphicx.sty"
Package: graphicx 1999/02/16 v1.0f Enhanced LaTeX Graphics (DPC,SPQR)

("C:\Program Files (x86)\MiKTeX 2.9\tex\latex\graphics\keyval.sty"
Package: keyval 1999/03/16 v1.13 key=value parser (DPC)
\KV@toks@=\toks21
)
("C:\Program Files (x86)\MiKTeX 2.9\tex\latex\graphics\graphics.sty"
Package: graphics 2009/02/05 v1.0o Standard LaTeX Graphics (DPC,SPQR)

("C:\Program Files (x86)\MiKTeX 2.9\tex\latex\graphics\trig.sty"
Package: trig 1999/03/16 v1.09 sin cos tan (DPC)
)
("C:\Program Files (x86)\MiKTeX 2.9\tex\latex\00miktex\graphics.cfg"
File: graphics.cfg 2007/01/18 v1.5 graphics configuration of teTeX/TeXLive
)
Package graphics Info: Driver file: pdftex.def on input line 91.

("C:\Program Files (x86)\MiKTeX 2.9\tex\latex\pdftex-def\pdftex.def"
File: pdftex.def 2011/05/27 v0.06d Graphics/color for pdfTeX

("C:\Program Files (x86)\MiKTeX 2.9\tex\generic\oberdiek\infwarerr.sty"
Package: infwarerr 2010/04/08 v1.3 Providing info/warning/error messages (HO)
)
("C:\Program Files (x86)\MiKTeX 2.9\tex\generic\oberdiek\ltxcmds.sty"
Package: ltxcmds 2011/11/09 v1.22 LaTeX kernel commands for general use (HO)
)
\Gread@gobject=\count100
))
\Gin@req@height=\dimen113
\Gin@req@width=\dimen114
)
("C:\Program Files (x86)\MiKTeX 2.9\tex\latex\float\float.sty"
Package: float 2001/11/08 v1.3d Float enhancements (AL)
\c@float@type=\count101
\float@exts=\toks22
\float@box=\box28
\@float@everytoks=\toks23
\@floatcapt=\box29
)
("C:\Program Files (x86)\MiKTeX 2.9\tex\latex\geometry\geometry.sty"
Package: geometry 2010/09/12 v5.6 Page Geometry

("C:\Program Files (x86)\MiKTeX 2.9\tex\generic\oberdiek\ifpdf.sty"
Package: ifpdf 2011/01/30 v2.3 Provides the ifpdf switch (HO)
Package ifpdf Info: pdfTeX in PDF mode is detected.
)
("C:\Program Files (x86)\MiKTeX 2.9\tex\generic\oberdiek\ifvtex.sty"
Package: ifvtex 2010/03/01 v1.5 Detect VTeX and its facilities (HO)
Package ifvtex Info: VTeX not detected.
)
("C:\Program Files (x86)\MiKTeX 2.9\tex\generic\ifxetex\ifxetex.sty"
Package: ifxetex 2010/09/12 v0.6 Provides ifxetex conditional
)
\Gm@cnth=\count102
\Gm@cntv=\count103
\c@Gm@tempcnt=\count104
\Gm@bindingoffset=\dimen115
\Gm@wd@mp=\dimen116
\Gm@odd@mp=\dimen117
\Gm@even@mp=\dimen118
\Gm@layoutwidth=\dimen119
\Gm@layoutheight=\dimen120
\Gm@layouthoffset=\dimen121
\Gm@layoutvoffset=\dimen122
\Gm@dimlist=\toks24

("C:\Program Files (x86)\MiKTeX 2.9\tex\latex\geometry\geometry.cfg"))
(C:\Users\lasse\AppData\Roaming\MiKTeX\2.9\tex\latex\setspace\setspace.sty
Package: setspace 2011/12/19 v6.7a set line spacing
)
(C:\Users\lasse\AppData\Roaming\MiKTeX\2.9\tex\latex\lastpage\lastpage.sty
Package: lastpage 2013/01/28 v1.2l Refers to last page's name (HMM; JPG)
)
("C:\Program Files (x86)\MiKTeX 2.9\tex\latex\hyperref\hyperref.sty"
Package: hyperref 2012/11/06 v6.83m Hypertext links for LaTeX

("C:\Program Files (x86)\MiKTeX 2.9\tex\generic\oberdiek\hobsub-hyperref.sty"
Package: hobsub-hyperref 2012/04/25 v1.12 Bundle oberdiek, subset hyperref (HO)


("C:\Program Files (x86)\MiKTeX 2.9\tex\generic\oberdiek\hobsub-generic.sty"
Package: hobsub-generic 2012/04/25 v1.12 Bundle oberdiek, subset generic (HO)
Package: hobsub 2012/04/25 v1.12 Construct package bundles (HO)
Package hobsub Info: Skipping package `infwarerr' (already loaded).
Package hobsub Info: Skipping package `ltxcmds' (already loaded).
Package: ifluatex 2010/03/01 v1.3 Provides the ifluatex switch (HO)
Package ifluatex Info: LuaTeX not detected.
Package hobsub Info: Skipping package `ifvtex' (already loaded).
Package: intcalc 2007/09/27 v1.1 Expandable calculations with integers (HO)
Package hobsub Info: Skipping package `ifpdf' (already loaded).
Package: etexcmds 2011/02/16 v1.5 Avoid name clashes with e-TeX commands (HO)
Package etexcmds Info: Could not find \expanded.
(etexcmds)             That can mean that you are not using pdfTeX 1.50 or
(etexcmds)             that some package has redefined \expanded.
(etexcmds)             In the latter case, load this package earlier.
Package: kvsetkeys 2012/04/25 v1.16 Key value parser (HO)
Package: kvdefinekeys 2011/04/07 v1.3 Define keys (HO)
Package: pdftexcmds 2011/11/29 v0.20 Utility functions of pdfTeX for LuaTeX (HO
)
Package pdftexcmds Info: LuaTeX not detected.
Package pdftexcmds Info: \pdf@primitive is available.
Package pdftexcmds Info: \pdf@ifprimitive is available.
Package pdftexcmds Info: \pdfdraftmode found.
Package: pdfescape 2011/11/25 v1.13 Implements pdfTeX's escape features (HO)
Package: bigintcalc 2012/04/08 v1.3 Expandable calculations on big integers (HO
)
Package: bitset 2011/01/30 v1.1 Handle bit-vector datatype (HO)
Package: uniquecounter 2011/01/30 v1.2 Provide unlimited unique counter (HO)
)
Package hobsub Info: Skipping package `hobsub' (already loaded).
Package: letltxmacro 2010/09/02 v1.4 Let assignment for LaTeX macros (HO)
Package: hopatch 2011/06/24 v1.1 Wrapper for package hooks (HO)
Package: xcolor-patch 2011/01/30 xcolor patch
Package: atveryend 2011/06/30 v1.8 Hooks at the very end of document (HO)
Package atveryend Info: \enddocument detected (standard20110627).
Package: atbegshi 2011/10/05 v1.16 At begin shipout hook (HO)
Package: refcount 2011/10/16 v3.4 Data extraction from label references (HO)
Package: hycolor 2011/01/30 v1.7 Color options for hyperref/bookmark (HO)
)
("C:\Program Files (x86)\MiKTeX 2.9\tex\latex\oberdiek\auxhook.sty"
Package: auxhook 2011/03/04 v1.3 Hooks for auxiliary files (HO)
)
("C:\Program Files (x86)\MiKTeX 2.9\tex\latex\oberdiek\kvoptions.sty"
Package: kvoptions 2011/06/30 v3.11 Key value format for package options (HO)
)
\@linkdim=\dimen123
\Hy@linkcounter=\count105
\Hy@pagecounter=\count106

("C:\Program Files (x86)\MiKTeX 2.9\tex\latex\hyperref\pd1enc.def"
File: pd1enc.def 2012/11/06 v6.83m Hyperref: PDFDocEncoding definition (HO)
)
\Hy@SavedSpaceFactor=\count107

("C:\Program Files (x86)\MiKTeX 2.9\tex\latex\00miktex\hyperref.cfg"
File: hyperref.cfg 2002/06/06 v1.2 hyperref configuration of TeXLive
)
Package hyperref Info: Hyper figures OFF on input line 4443.
Package hyperref Info: Link nesting OFF on input line 4448.
Package hyperref Info: Hyper index ON on input line 4451.
Package hyperref Info: Plain pages OFF on input line 4458.
Package hyperref Info: Backreferencing OFF on input line 4463.
Package hyperref Info: Implicit mode ON; LaTeX internals redefined.
Package hyperref Info: Bookmarks ON on input line 4688.
\c@Hy@tempcnt=\count108

("C:\Program Files (x86)\MiKTeX 2.9\tex\latex\ltxmisc\url.sty"
\Urlmuskip=\muskip11
Package: url 2006/04/12  ver 3.3  Verb mode for urls, etc.
)
LaTeX Info: Redefining \url on input line 5041.
\XeTeXLinkMargin=\dimen124
\Fld@menulength=\count109
\Field@Width=\dimen125
\Fld@charsize=\dimen126
Package hyperref Info: Hyper figures OFF on input line 6295.
Package hyperref Info: Link nesting OFF on input line 6300.
Package hyperref Info: Hyper index ON on input line 6303.
Package hyperref Info: backreferencing OFF on input line 6310.
Package hyperref Info: Link coloring OFF on input line 6315.
Package hyperref Info: Link coloring with OCG OFF on input line 6320.
Package hyperref Info: PDF/A mode OFF on input line 6325.
LaTeX Info: Redefining \ref on input line 6365.
LaTeX Info: Redefining \pageref on input line 6369.
\Hy@abspage=\count110
\c@Item=\count111
\c@Hfootnote=\count112
)

Package hyperref Message: Driver (autodetected): hpdftex.

("C:\Program Files (x86)\MiKTeX 2.9\tex\latex\hyperref\hpdftex.def"
File: hpdftex.def 2012/11/06 v6.83m Hyperref driver for pdfTeX
\Fld@listcount=\count113
\c@bookmark@seq@number=\count114

("C:\Program Files (x86)\MiKTeX 2.9\tex\latex\oberdiek\rerunfilecheck.sty"
Package: rerunfilecheck 2011/04/15 v1.7 Rerun checks for auxiliary files (HO)
Package uniquecounter Info: New unique counter `rerunfilecheck' on input line 2
82.
)
\Hy@SectionHShift=\skip46
)
Package hyperref Info: Option `colorlinks' set `true' on input line 25.

(C:\Users\lasse\AppData\Roaming\MiKTeX\2.9\tex\latex\wrapfig\wrapfig.sty
\wrapoverhang=\dimen127
\WF@size=\dimen128
\c@WF@wrappedlines=\count115
\WF@box=\box30
\WF@everypar=\toks25
Package: wrapfig 2003/01/31  v 3.6
)
(C:\Users\lasse\AppData\Roaming\MiKTeX\2.9\tex\latex\fancyhdr\fancyhdr.sty
\fancy@headwidth=\skip47
\f@ncyO@elh=\skip48
\f@ncyO@erh=\skip49
\f@ncyO@olh=\skip50
\f@ncyO@orh=\skip51
\f@ncyO@elf=\skip52
\f@ncyO@erf=\skip53
\f@ncyO@olf=\skip54
\f@ncyO@orf=\skip55
)
("C:\Program Files (x86)\MiKTeX 2.9\tex\latex\tools\enumerate.sty"
Package: enumerate 1999/03/05 v3.00 enumerate extensions (DPC)
\@enLab=\toks26
)
(C:\Users\lasse\AppData\Roaming\MiKTeX\2.9\tex\latex\subfiles\subfiles.sty
Package: subfiles 2012/05/23 Federico Garcia

("C:\Program Files (x86)\MiKTeX 2.9\tex\latex\tools\verbatim.sty"
Package: verbatim 2003/08/22 v1.5q LaTeX2e package for verbatim enhancements
\every@verbatim=\toks27
\verbatim@line=\toks28
\verbatim@in@stream=\read1
))
(C:\Users\lasse\AppData\Roaming\MiKTeX\2.9\tex\latex\booktabs\booktabs.sty
Package: booktabs 2005/04/14 v1.61803 publication quality tables
\heavyrulewidth=\dimen129
\lightrulewidth=\dimen130
\cmidrulewidth=\dimen131
\belowrulesep=\dimen132
\belowbottomsep=\dimen133
\aboverulesep=\dimen134
\abovetopsep=\dimen135
\cmidrulesep=\dimen136
\cmidrulekern=\dimen137
\defaultaddspace=\dimen138
\@cmidla=\count116
\@cmidlb=\count117
\@aboverulesep=\dimen139
\@belowrulesep=\dimen140
\@thisruleclass=\count118
\@lastruleclass=\count119
\@thisrulewidth=\dimen141
)
(C:\Users\lasse\AppData\Roaming\MiKTeX\2.9\tex\latex\cellspace\cellspace.sty
Package: cellspace 2009/07/31 v1.6 Spacing table cells (JN)

("C:\Program Files (x86)\MiKTeX 2.9\tex\latex\base\ifthen.sty"
Package: ifthen 2001/05/26 v1.1c Standard LaTeX ifthen package (DPC)
)
("C:\Program Files (x86)\MiKTeX 2.9\tex\latex\tools\array.sty"
Package: array 2008/09/09 v2.4c Tabular extension package (FMi)
\col@sep=\dimen142
\extrarowheight=\dimen143
\NC@list=\toks29
\extratabsurround=\skip56
\backup@length=\skip57
)
("C:\Program Files (x86)\MiKTeX 2.9\tex\latex\tools\calc.sty"
Package: calc 2007/08/22 v4.3 Infix arithmetic (KKT,FJ)
\calc@Acount=\count120
\calc@Bcount=\count121
\calc@Adimen=\dimen144
\calc@Bdimen=\dimen145
\calc@Askip=\skip58
\calc@Bskip=\skip59
LaTeX Info: Redefining \setlength on input line 76.
LaTeX Info: Redefining \addtolength on input line 77.
\calc@Ccount=\count122
\calc@Cskip=\skip60
)
\cellspacetoplimit=\dimen146
\cellspacebottomlimit=\dimen147
\cellspace@firstht=\dimen148
\cellspace@lastdp=\dimen149
)
(C:\Users\lasse\AppData\Roaming\MiKTeX\2.9\tex\latex\listings\listings.sty
\lst@mode=\count123
\lst@gtempboxa=\box31
\lst@token=\toks30
\lst@length=\count124
\lst@currlwidth=\dimen150
\lst@column=\count125
\lst@pos=\count126
\lst@lostspace=\dimen151
\lst@width=\dimen152
\lst@newlines=\count127
\lst@lineno=\count128
\lst@maxwidth=\dimen153

(C:\Users\lasse\AppData\Roaming\MiKTeX\2.9\tex\latex\listings\lstmisc.sty
File: lstmisc.sty 2013/08/26 1.5b (Carsten Heinz)
\c@lstnumber=\count129
\lst@skipnumbers=\count130
\lst@framebox=\box32
)
(C:\Users\lasse\AppData\Roaming\MiKTeX\2.9\tex\latex\listings\listings.cfg
File: listings.cfg 2013/08/26 1.5b listings configuration
))
Package: listings 2013/08/26 1.5b (Carsten Heinz)

("C:\Program Files (x86)\MiKTeX 2.9\tex\latex\graphics\color.sty"
Package: color 2005/11/14 v1.0j Standard LaTeX Color (DPC)

("C:\Program Files (x86)\MiKTeX 2.9\tex\latex\00miktex\color.cfg"
File: color.cfg 2007/01/18 v1.5 color configuration of teTeX/TeXLive
)
Package color Info: Driver file: pdftex.def on input line 130.
)
("C:\Program Files (x86)\MiKTeX 2.9\tex\latex\base\textcomp.sty"
Package: textcomp 2005/09/27 v1.99g Standard LaTeX package
Package textcomp Info: Sub-encoding information:
(textcomp)               5 = only ISO-Adobe without \textcurrency
(textcomp)               4 = 5 + \texteuro
(textcomp)               3 = 4 + \textohm
(textcomp)               2 = 3 + \textestimated + \textcurrency
(textcomp)               1 = TS1 - \textcircled - \t
(textcomp)               0 = TS1 (full)
(textcomp)             Font families with sub-encoding setting implement
(textcomp)             only a restricted character set as indicated.
(textcomp)             Family '?' is the default used for unknown fonts.
(textcomp)             See the documentation for details.
Package textcomp Info: Setting ? sub-encoding to TS1/1 on input line 71.

("C:\Program Files (x86)\MiKTeX 2.9\tex\latex\base\ts1enc.def"
File: ts1enc.def 2001/06/05 v3.0e (jk/car/fm) Standard LaTeX file
)
LaTeX Info: Redefining \oldstylenums on input line 266.
Package textcomp Info: Setting cmr sub-encoding to TS1/0 on input line 281.
Package textcomp Info: Setting cmss sub-encoding to TS1/0 on input line 282.
Package textcomp Info: Setting cmtt sub-encoding to TS1/0 on input line 283.
Package textcomp Info: Setting cmvtt sub-encoding to TS1/0 on input line 284.
Package textcomp Info: Setting cmbr sub-encoding to TS1/0 on input line 285.
Package textcomp Info: Setting cmtl sub-encoding to TS1/0 on input line 286.
Package textcomp Info: Setting ccr sub-encoding to TS1/0 on input line 287.
Package textcomp Info: Setting ptm sub-encoding to TS1/4 on input line 288.
Package textcomp Info: Setting pcr sub-encoding to TS1/4 on input line 289.
Package textcomp Info: Setting phv sub-encoding to TS1/4 on input line 290.
Package textcomp Info: Setting ppl sub-encoding to TS1/3 on input line 291.
Package textcomp Info: Setting pag sub-encoding to TS1/4 on input line 292.
Package textcomp Info: Setting pbk sub-encoding to TS1/4 on input line 293.
Package textcomp Info: Setting pnc sub-encoding to TS1/4 on input line 294.
Package textcomp Info: Setting pzc sub-encoding to TS1/4 on input line 295.
Package textcomp Info: Setting bch sub-encoding to TS1/4 on input line 296.
Package textcomp Info: Setting put sub-encoding to TS1/5 on input line 297.
Package textcomp Info: Setting uag sub-encoding to TS1/5 on input line 298.
Package textcomp Info: Setting ugq sub-encoding to TS1/5 on input line 299.
Package textcomp Info: Setting ul8 sub-encoding to TS1/4 on input line 300.
Package textcomp Info: Setting ul9 sub-encoding to TS1/4 on input line 301.
Package textcomp Info: Setting augie sub-encoding to TS1/5 on input line 302.
Package textcomp Info: Setting dayrom sub-encoding to TS1/3 on input line 303.
Package textcomp Info: Setting dayroms sub-encoding to TS1/3 on input line 304.

Package textcomp Info: Setting pxr sub-encoding to TS1/0 on input line 305.
Package textcomp Info: Setting pxss sub-encoding to TS1/0 on input line 306.
Package textcomp Info: Setting pxtt sub-encoding to TS1/0 on input line 307.
Package textcomp Info: Setting txr sub-encoding to TS1/0 on input line 308.
Package textcomp Info: Setting txss sub-encoding to TS1/0 on input line 309.
Package textcomp Info: Setting txtt sub-encoding to TS1/0 on input line 310.
Package textcomp Info: Setting lmr sub-encoding to TS1/0 on input line 311.
Package textcomp Info: Setting lmdh sub-encoding to TS1/0 on input line 312.
Package textcomp Info: Setting lmss sub-encoding to TS1/0 on input line 313.
Package textcomp Info: Setting lmssq sub-encoding to TS1/0 on input line 314.
Package textcomp Info: Setting lmvtt sub-encoding to TS1/0 on input line 315.
Package textcomp Info: Setting qhv sub-encoding to TS1/0 on input line 316.
Package textcomp Info: Setting qag sub-encoding to TS1/0 on input line 317.
Package textcomp Info: Setting qbk sub-encoding to TS1/0 on input line 318.
Package textcomp Info: Setting qcr sub-encoding to TS1/0 on input line 319.
Package textcomp Info: Setting qcs sub-encoding to TS1/0 on input line 320.
Package textcomp Info: Setting qpl sub-encoding to TS1/0 on input line 321.
Package textcomp Info: Setting qtm sub-encoding to TS1/0 on input line 322.
Package textcomp Info: Setting qzc sub-encoding to TS1/0 on input line 323.
Package textcomp Info: Setting qhvc sub-encoding to TS1/0 on input line 324.
Package textcomp Info: Setting futs sub-encoding to TS1/4 on input line 325.
Package textcomp Info: Setting futx sub-encoding to TS1/4 on input line 326.
Package textcomp Info: Setting futj sub-encoding to TS1/4 on input line 327.
Package textcomp Info: Setting hlh sub-encoding to TS1/3 on input line 328.
Package textcomp Info: Setting hls sub-encoding to TS1/3 on input line 329.
Package textcomp Info: Setting hlst sub-encoding to TS1/3 on input line 330.
Package textcomp Info: Setting hlct sub-encoding to TS1/5 on input line 331.
Package textcomp Info: Setting hlx sub-encoding to TS1/5 on input line 332.
Package textcomp Info: Setting hlce sub-encoding to TS1/5 on input line 333.
Package textcomp Info: Setting hlcn sub-encoding to TS1/5 on input line 334.
Package textcomp Info: Setting hlcw sub-encoding to TS1/5 on input line 335.
Package textcomp Info: Setting hlcf sub-encoding to TS1/5 on input line 336.
Package textcomp Info: Setting pplx sub-encoding to TS1/3 on input line 337.
Package textcomp Info: Setting pplj sub-encoding to TS1/3 on input line 338.
Package textcomp Info: Setting ptmx sub-encoding to TS1/4 on input line 339.
Package textcomp Info: Setting ptmj sub-encoding to TS1/4 on input line 340.
)
(C:\Users\lasse\AppData\Roaming\MiKTeX\2.9\tex\latex\listings\lstlang1.sty
File: lstlang1.sty 2013/08/26 1.5b listings language file
)
(C:\Users\lasse\AppData\Roaming\MiKTeX\2.9\tex\latex\caption\caption.sty
Package: caption 2013/05/02 v3.3-89 Customizing captions (AR)

(C:\Users\lasse\AppData\Roaming\MiKTeX\2.9\tex\latex\caption\caption3.sty
Package: caption3 2013/05/02 v1.6-88 caption3 kernel (AR)
Package caption3 Info: TeX engine: e-TeX on input line 57.
\captionmargin=\dimen154
\captionmargin@=\dimen155
\captionwidth=\dimen156
\caption@tempdima=\dimen157
\caption@indent=\dimen158
\caption@parindent=\dimen159
\caption@hangindent=\dimen160
)
\c@ContinuedFloat=\count131
Package caption Info: float package is loaded.
Package caption Info: hyperref package is loaded.
Package caption Info: listings package is loaded.
Package caption Info: wrapfig package is loaded.
))
("C:\Users\lasse\Desktop\Skole\TrackABus\3 - Andre Dokumenter\02_Kravspecifikat
ion\Kravspec_main.aux"
("C:\Users\lasse\Desktop\Skole\TrackABus\3 - Andre Dokumenter\02_Kravspecifikat
ion\Use_Cases/Funktionelle_krav.aux")
("C:\Users\lasse\Desktop\Skole\TrackABus\3 - Andre Dokumenter\02_Kravspecifikat
ion\Use_Cases/Use_Case1_1.aux")
("C:\Users\lasse\Desktop\Skole\TrackABus\3 - Andre Dokumenter\02_Kravspecifikat
ion\Use_Cases/Use_Case1_2.aux")
("C:\Users\lasse\Desktop\Skole\TrackABus\3 - Andre Dokumenter\02_Kravspecifikat
ion\Use_Cases/Use_Case2.aux")
("C:\Users\lasse\Desktop\Skole\TrackABus\3 - Andre Dokumenter\02_Kravspecifikat
ion\Use_Cases/Use_Case3.aux")
("C:\Users\lasse\Desktop\Skole\TrackABus\3 - Andre Dokumenter\02_Kravspecifikat
ion\Use_Cases/Use_Case4.aux")
("C:\Users\lasse\Desktop\Skole\TrackABus\3 - Andre Dokumenter\02_Kravspecifikat
ion\Use_Cases/Use_Case5.aux"))
LaTeX Font Info:    Checking defaults for OML/cmm/m/it on input line 32.
LaTeX Font Info:    ... okay on input line 32.
LaTeX Font Info:    Checking defaults for T1/cmr/m/n on input line 32.
LaTeX Font Info:    ... okay on input line 32.
LaTeX Font Info:    Checking defaults for OT1/cmr/m/n on input line 32.
LaTeX Font Info:    ... okay on input line 32.
LaTeX Font Info:    Checking defaults for OMS/cmsy/m/n on input line 32.
LaTeX Font Info:    ... okay on input line 32.
LaTeX Font Info:    Checking defaults for OMX/cmex/m/n on input line 32.
LaTeX Font Info:    ... okay on input line 32.
LaTeX Font Info:    Checking defaults for U/cmr/m/n on input line 32.
LaTeX Font Info:    ... okay on input line 32.
LaTeX Font Info:    Checking defaults for PD1/pdf/m/n on input line 32.
LaTeX Font Info:    ... okay on input line 32.
LaTeX Font Info:    Checking defaults for TS1/cmr/m/n on input line 32.
LaTeX Font Info:    Try loading font information for TS1+cmr on input line 32.

("C:\Program Files (x86)\MiKTeX 2.9\tex\latex\base\ts1cmr.fd"
File: ts1cmr.fd 1999/05/25 v2.5h Standard LaTeX font definitions
)
LaTeX Font Info:    ... okay on input line 32.

(C:\Users\lasse\AppData\Roaming\MiKTeX\2.9\tex\context\base\supp-pdf.mkii
[Loading MPS to PDF converter (version 2006.09.02).]
\scratchcounter=\count132
\scratchdimen=\dimen161
\scratchbox=\box33
\nofMPsegments=\count133
\nofMParguments=\count134
\everyMPshowfont=\toks31
\MPscratchCnt=\count135
\MPscratchDim=\dimen162
\MPnumerator=\count136
\makeMPintoPDFobject=\count137
\everyMPtoPDFconversion=\toks32
)
*geometry* driver: auto-detecting
*geometry* detected driver: pdftex
*geometry* verbose mode - [ preamble ] result:
* driver: pdftex
* paper: a4paper
* layout: <same size as paper>
* layoutoffset:(h,v)=(0.0pt,0.0pt)
* modes: 
* h-part:(L,W,R)=(85.35826pt, 455.24411pt, 56.9055pt)
* v-part:(T,H,B)=(62.59596pt, 725.54538pt, 56.9055pt)
* \paperwidth=597.50787pt
* \paperheight=845.04684pt
* \textwidth=455.24411pt
* \textheight=680.0pt
* \oddsidemargin=13.08827pt
* \evensidemargin=13.08827pt
* \topmargin=-46.67403pt
* \headheight=35.0pt
* \headsep=25.0pt
* \topskip=12.0pt
* \footskip=40.0pt
* \marginparwidth=35.0pt
* \marginparsep=10.0pt
* \columnsep=10.0pt
* \skip\footins=10.8pt plus 4.0pt minus 2.0pt
* \hoffset=0.0pt
* \voffset=0.0pt
* \mag=1000
* \@twocolumnfalse
* \@twosidefalse
* \@mparswitchfalse
* \@reversemarginfalse
* (1in=72.27pt=25.4mm, 1cm=28.453pt)

Package lastpage Info: Please have a look at the pageslts package at
(lastpage)             http://www.ctan.org/tex-archive/ 
(lastpage)             macros/latex/contrib/pageslts/ 
(lastpage)             or
(lastpage)             http://www.ctan.org/tex-archive/ 
(lastpage)             install/macros/latex/contrib/pageslts.tds.zip
(lastpage)             ! on input line 32.
\AtBeginShipoutBox=\box34
Package hyperref Info: Link coloring ON on input line 32.
("C:\Program Files (x86)\MiKTeX 2.9\tex\latex\hyperref\nameref.sty"
Package: nameref 2012/10/27 v2.43 Cross-referencing by name of section

("C:\Program Files (x86)\MiKTeX 2.9\tex\generic\oberdiek\gettitlestring.sty"
Package: gettitlestring 2010/12/03 v1.4 Cleanup title references (HO)
)
\c@section@level=\count138
)
LaTeX Info: Redefining \ref on input line 32.
LaTeX Info: Redefining \pageref on input line 32.
LaTeX Info: Redefining \nameref on input line 32.

("C:\Users\lasse\Desktop\Skole\TrackABus\3 - Andre Dokumenter\02_Kravspecifikat
ion\Kravspec_main.out")
("C:\Users\lasse\Desktop\Skole\TrackABus\3 - Andre Dokumenter\02_Kravspecifikat
ion\Kravspec_main.out")
\@outlinefile=\write3
\c@lstlisting=\count139
Package caption Info: Begin \AtBeginDocument code.
Package caption Info: End \AtBeginDocument code.

("C:\Users\lasse\Desktop\Skole\TrackABus\3 - Andre Dokumenter\02_Kravspecifikat
ion\Use_Cases/Funktionelle_krav.tex"
("C:\Users\lasse\Desktop\Skole\TrackABus\3 - Andre Dokumenter\02_Kravspecifikat
ion\Use_Cases/Use_Case1.tex"
Underfull \hbox (badness 10000) in paragraph at lines 2--15

 []


Underfull \hbox (badness 10000) in paragraph at lines 2--15

 []


Underfull \hbox (badness 10000) in paragraph at lines 18--25

 []


Underfull \hbox (badness 10000) in paragraph at lines 27--46

 []


Underfull \hbox (badness 10000) in paragraph at lines 27--46

 []


Underfull \hbox (badness 10000) in paragraph at lines 27--46

 []

<au-ingenioerhoejskolen_da.jpg, id=35, 874.26625pt x 164.615pt>
File: au-ingenioerhoejskolen_da.jpg Graphic file (type jpg)

<use au-ingenioerhoejskolen_da.jpg>
Package pdftex.def Info: au-ingenioerhoejskolen_da.jpg used on input line 48.
(pdftex.def)             Requested size: 174.85014pt x 32.92241pt.
 [1{C:/Users/lasse/AppData/Local/MiKTeX/2.9/pdftex/config/pdftex.map}


 <C:/Users/lasse/Desktop/Skole/TrackABus/3 - Andre Dokumenter/02_Kravspecifikat
ion/au-ingenioerhoejskolen_da.jpg>]

LaTeX Warning: The counter will not be printed.
             The label is: \text {Undtagelse}\space 2: on input line 62.


LaTeX Warning: The counter will not be printed.
             The label is: \text {Undtagelse}\space 3: on input line 70.

))
File: au-ingenioerhoejskolen_da.jpg Graphic file (type jpg)
 <use au-ingenioerhoejskolen_da.jpg>
Package pdftex.def Info: au-ingenioerhoejskolen_da.jpg used on input line 55.
(pdftex.def)             Requested size: 174.85014pt x 32.92241pt.
 [2]
("C:\Users\lasse\Desktop\Skole\TrackABus\3 - Andre Dokumenter\02_Kravspecifikat
ion\Use_Cases/Use_Case2.tex"
Underfull \hbox (badness 10000) in paragraph at lines 2--15

 []


Underfull \hbox (badness 10000) in paragraph at lines 2--15

 []


Underfull \hbox (badness 10000) in paragraph at lines 18--24

 []


Underfull \hbox (badness 10000) in paragraph at lines 40--51

 []


Underfull \hbox (badness 10000) in paragraph at lines 40--51

 []

File: au-ingenioerhoejskolen_da.jpg Graphic file (type jpg)
<use au-ingenioerhoejskolen_da.jpg>
Package pdftex.def Info: au-ingenioerhoejskolen_da.jpg used on input line 51.
(pdftex.def)             Requested size: 174.85014pt x 32.92241pt.
 [3


]
Underfull \hbox (badness 10000) in paragraph at lines 66--68

 []


Underfull \hbox (badness 10000) in paragraph at lines 66--68

 []


Underfull \hbox (badness 10000) in paragraph at lines 66--68

 []

File: au-ingenioerhoejskolen_da.jpg Graphic file (type jpg)
<use au-ingenioerhoejskolen_da.jpg>
Package pdftex.def Info: au-ingenioerhoejskolen_da.jpg used on input line 73.
(pdftex.def)             Requested size: 174.85014pt x 32.92241pt.
 [4]

LaTeX Warning: The counter will not be printed.
             The label is: \text {Undtagelse}\space 2: on input line 77.


LaTeX Warning: The counter will not be printed.
             The label is: \text {Undtagelse}\space 3: on input line 84.


LaTeX Warning: The counter will not be printed.
             The label is: \text {Undtagelse}\space 4: on input line 91.

)
File: au-ingenioerhoejskolen_da.jpg Graphic file (type jpg)
 <use au-ingenioerhoejskolen_da.jpg>
Package pdftex.def Info: au-ingenioerhoejskolen_da.jpg used on input line 56.
(pdftex.def)             Requested size: 174.85014pt x 32.92241pt.
 [5]
("C:\Users\lasse\Desktop\Skole\TrackABus\3 - Andre Dokumenter\02_Kravspecifikat
ion\Use_Cases/Use_Case3.tex"
Underfull \hbox (badness 10000) in paragraph at lines 2--15

 []


Underfull \hbox (badness 10000) in paragraph at lines 2--15

 []


Underfull \hbox (badness 10000) in paragraph at lines 18--24

 []


Underfull \hbox (badness 10000) in paragraph at lines 27--49

 []


Underfull \hbox (badness 10000) in paragraph at lines 27--49

 []


Underfull \hbox (badness 10000) in paragraph at lines 27--49

 []


Underfull \hbox (badness 10000) in paragraph at lines 27--49

 []


Underfull \hbox (badness 10000) in paragraph at lines 27--49

 []

File: au-ingenioerhoejskolen_da.jpg Graphic file (type jpg)
<use au-ingenioerhoejskolen_da.jpg>
Package pdftex.def Info: au-ingenioerhoejskolen_da.jpg used on input line 49.
(pdftex.def)             Requested size: 174.85014pt x 32.92241pt.
 [6


]

LaTeX Warning: The counter will not be printed.
             The label is: \text {Undtagelse}\space 2: on input line 62.


LaTeX Warning: The counter will not be printed.
             The label is: \text {Undtagelse}\space 3: on input line 68.


LaTeX Warning: The counter will not be printed.
             The label is: \text {Undtagelse}\space 4: on input line 75.


LaTeX Warning: The counter will not be printed.
             The label is: \text {Undtagelse}\space 5: on input line 82.

)
File: au-ingenioerhoejskolen_da.jpg Graphic file (type jpg)
 <use au-ingenioerhoejskolen_da.jpg>
Package pdftex.def Info: au-ingenioerhoejskolen_da.jpg used on input line 57.
(pdftex.def)             Requested size: 174.85014pt x 32.92241pt.
 [7]
("C:\Users\lasse\Desktop\Skole\TrackABus\3 - Andre Dokumenter\02_Kravspecifikat
ion\Use_Cases/Use_Case4.tex"
Underfull \hbox (badness 10000) in paragraph at lines 2--12

 []


Underfull \hbox (badness 10000) in paragraph at lines 2--12

 []


Underfull \hbox (badness 10000) in paragraph at lines 15--20

 []

LaTeX Font Info:    Try loading font information for U+msa on input line 24.
("C:\Program Files (x86)\MiKTeX 2.9\tex\latex\amsfonts\umsa.fd"
File: umsa.fd 2013/01/14 v3.01 AMS symbols A
)
LaTeX Font Info:    Try loading font information for U+msb on input line 24.

("C:\Program Files (x86)\MiKTeX 2.9\tex\latex\amsfonts\umsb.fd"
File: umsb.fd 2013/01/14 v3.01 AMS symbols B
)
Underfull \hbox (badness 10000) in paragraph at lines 23--40

 []


Underfull \hbox (badness 10000) in paragraph at lines 23--40

 []


Underfull \hbox (badness 10000) in paragraph at lines 23--40

 []


Underfull \hbox (badness 10000) in paragraph at lines 23--40

 []

File: au-ingenioerhoejskolen_da.jpg Graphic file (type jpg)
<use au-ingenioerhoejskolen_da.jpg>
Package pdftex.def Info: au-ingenioerhoejskolen_da.jpg used on input line 40.
(pdftex.def)             Requested size: 174.85014pt x 32.92241pt.
 [8


]

LaTeX Warning: The counter will not be printed.
             The label is: \text {Undtagelse 1} on input line 56.

)
File: au-ingenioerhoejskolen_da.jpg Graphic file (type jpg)
 <use au-ingenioerhoejskolen_da.jpg>
Package pdftex.def Info: au-ingenioerhoejskolen_da.jpg used on input line 58.
(pdftex.def)             Requested size: 174.85014pt x 32.92241pt.
 [9]
("C:\Users\lasse\Desktop\Skole\TrackABus\3 - Andre Dokumenter\02_Kravspecifikat
ion\Use_Cases/Use_Case5.tex"
Underfull \hbox (badness 10000) in paragraph at lines 2--15

 []


Underfull \hbox (badness 10000) in paragraph at lines 2--15

 []


Underfull \hbox (badness 10000) in paragraph at lines 18--23

 []


Underfull \hbox (badness 10000) in paragraph at lines 26--40

 []


Underfull \hbox (badness 10000) in paragraph at lines 26--40

 []


Underfull \hbox (badness 10000) in paragraph at lines 26--40

 []

File: au-ingenioerhoejskolen_da.jpg Graphic file (type jpg)
<use au-ingenioerhoejskolen_da.jpg>
Package pdftex.def Info: au-ingenioerhoejskolen_da.jpg used on input line 42.
(pdftex.def)             Requested size: 174.85014pt x 32.92241pt.
 [10


]

LaTeX Warning: The counter will not be printed.
             The label is: \text {Undtagelse 1} on input line 58.


LaTeX Warning: The counter will not be printed.
             The label is: \text {Undtagelse 2} on input line 66.

)
File: au-ingenioerhoejskolen_da.jpg Graphic file (type jpg)
 <use au-ingenioerhoejskolen_da.jpg>
Package pdftex.def Info: au-ingenioerhoejskolen_da.jpg used on input line 59.
(pdftex.def)             Requested size: 174.85014pt x 32.92241pt.
 [11]
("C:\Users\lasse\Desktop\Skole\TrackABus\3 - Andre Dokumenter\02_Kravspecifikat
ion\Use_Cases/Use_Case6.tex"
Underfull \hbox (badness 10000) in paragraph at lines 2--15

 []


Underfull \hbox (badness 10000) in paragraph at lines 2--15

 []


Underfull \hbox (badness 10000) in paragraph at lines 18--23

 []


Underfull \hbox (badness 10000) in paragraph at lines 26--40

 []


Underfull \hbox (badness 10000) in paragraph at lines 26--40

 []


Underfull \hbox (badness 10000) in paragraph at lines 26--40

 []

File: au-ingenioerhoejskolen_da.jpg Graphic file (type jpg)
<use au-ingenioerhoejskolen_da.jpg>
Package pdftex.def Info: au-ingenioerhoejskolen_da.jpg used on input line 43.
(pdftex.def)             Requested size: 174.85014pt x 32.92241pt.
 [12


]

LaTeX Warning: The counter will not be printed.
             The label is: \text {Undtagelse 1} on input line 53.

)
File: au-ingenioerhoejskolen_da.jpg Graphic file (type jpg)
 <use au-ingenioerhoejskolen_da.jpg>
Package pdftex.def Info: au-ingenioerhoejskolen_da.jpg used on input line 60.
(pdftex.def)             Requested size: 174.85014pt x 32.92241pt.
 [13]
("C:\Users\lasse\Desktop\Skole\TrackABus\3 - Andre Dokumenter\02_Kravspecifikat
ion\Use_Cases/Use_Case7.tex"
Underfull \hbox (badness 10000) in paragraph at lines 2--15

 []


Underfull \hbox (badness 10000) in paragraph at lines 2--15

 []


Underfull \hbox (badness 10000) in paragraph at lines 18--24

 []


Underfull \hbox (badness 10000) in paragraph at lines 27--46

 []


Underfull \hbox (badness 10000) in paragraph at lines 27--46

 []


Underfull \hbox (badness 10000) in paragraph at lines 27--46

 []

File: au-ingenioerhoejskolen_da.jpg Graphic file (type jpg)
<use au-ingenioerhoejskolen_da.jpg>
Package pdftex.def Info: au-ingenioerhoejskolen_da.jpg used on input line 46.
(pdftex.def)             Requested size: 174.85014pt x 32.92241pt.
 [14


]

LaTeX Warning: The counter will not be printed.
             The label is: \text {Undtagelse 1} on input line 67.

File: au-ingenioerhoejskolen_da.jpg Graphic file (type jpg)
<use au-ingenioerhoejskolen_da.jpg>
Package pdftex.def Info: au-ingenioerhoejskolen_da.jpg used on input line 72.
(pdftex.def)             Requested size: 174.85014pt x 32.92241pt.
 [15]

LaTeX Warning: The counter will not be printed.
             The label is: \text {Undtagelse 2} on input line 75.


LaTeX Warning: The counter will not be printed.
             The label is: \text {Undtagelse 3} on input line 87.

)
File: au-ingenioerhoejskolen_da.jpg Graphic file (type jpg)
 <use au-ingenioerhoejskolen_da.jpg>
Package pdftex.def Info: au-ingenioerhoejskolen_da.jpg used on input line 61.
(pdftex.def)             Requested size: 174.85014pt x 32.92241pt.
 [16] 
AED: lastpage setting LastPage

Package caption Warning: Unused \captionsetup[lstlisting] on input line 107.
See the caption package documentation for explanation.

Package atveryend Info: Empty hook `BeforeClearDocument' on input line 72.
Package atveryend Info: Empty hook `AfterLastShipout' on input line 72.

("C:\Users\lasse\Desktop\Skole\TrackABus\3 - Andre Dokumenter\02_Kravspecifikat
ion\Kravspec_main.aux"
("C:\Users\lasse\Desktop\Skole\TrackABus\3 - Andre Dokumenter\02_Kravspecifikat
ion\Use_Cases/Funktionelle_krav.aux")
("C:\Users\lasse\Desktop\Skole\TrackABus\3 - Andre Dokumenter\02_Kravspecifikat
ion\Use_Cases/Use_Case2.aux")
("C:\Users\lasse\Desktop\Skole\TrackABus\3 - Andre Dokumenter\02_Kravspecifikat
ion\Use_Cases/Use_Case3.aux")
("C:\Users\lasse\Desktop\Skole\TrackABus\3 - Andre Dokumenter\02_Kravspecifikat
ion\Use_Cases/Use_Case4.aux")
("C:\Users\lasse\Desktop\Skole\TrackABus\3 - Andre Dokumenter\02_Kravspecifikat
ion\Use_Cases/Use_Case5.aux")
("C:\Users\lasse\Desktop\Skole\TrackABus\3 - Andre Dokumenter\02_Kravspecifikat
ion\Use_Cases/Use_Case6.aux")
("C:\Users\lasse\Desktop\Skole\TrackABus\3 - Andre Dokumenter\02_Kravspecifikat
ion\Use_Cases/Use_Case7.aux"))
Package atveryend Info: Executing hook `AtVeryEndDocument' on input line 72.
Package atveryend Info: Executing hook `AtEndAfterFileList' on input line 72.
Package rerunfilecheck Info: File `Kravspec_main.out' has not changed.
(rerunfilecheck)             Checksum: 955BB08406BF0045FA6B04D4241491E5;773.
Package atveryend Info: Empty hook `AtVeryVeryEnd' on input line 72.
 ) 
Here is how much of TeX's memory you used:
 10444 strings out of 493921
 157406 string characters out of 3144876
 247976 words of memory out of 3000000
 13382 multiletter control sequences out of 15000+200000
 17928 words of font info for 51 fonts, out of 3000000 for 9000
 841 hyphenation exceptions out of 8191
 38i,18n,43p,452b,566s stack positions out of 5000i,500n,10000p,200000b,50000s
 <C:\Users\lasse\AppData\Local\MiKTeX\2.9\fonts\pk\ljfour\jknappen\ec\dpi600\
ecrm1000.pk> <C:\Users\lasse\AppData\Local\MiKTeX\2.9\fonts\pk\ljfour\jknappen\
ec\dpi600\ecrm0700.pk> <C:\Users\lasse\AppData\Local\MiKTeX\2.9\fonts\pk\ljfour
\jknappen\ec\dpi600\ecrm0800.pk> <C:\Users\lasse\AppData\Local\MiKTeX\2.9\fonts
\pk\ljfour\jknappen\ec\dpi600\ecti1200.pk> <C:\Users\lasse\AppData\Local\MiKTeX
\2.9\fonts\pk\ljfour\jknappen\ec\dpi600\tcrm1200.pk> <C:\Users\lasse\AppData\Lo
cal\MiKTeX\2.9\fonts\pk\ljfour\jknappen\ec\dpi600\ecbx1200.pk> <C:\Users\lasse\
AppData\Local\MiKTeX\2.9\fonts\pk\ljfour\jknappen\ec\dpi600\ecbx1440.pk> <C:\Us
ers\lasse\AppData\Local\MiKTeX\2.9\fonts\pk\ljfour\jknappen\ec\dpi600\ecbx1728.
pk> <C:\Users\lasse\AppData\Local\MiKTeX\2.9\fonts\pk\ljfour\jknappen\ec\dpi600
\ecrm1200.pk>
Output written on Kravspec_main.pdf (16 pages, 200745 bytes).
PDF statistics:
 492 PDF objects out of 1000 (max. 8388607)
 131 named destinations out of 1000 (max. 500000)
 70 words of extra memory for PDF output out of 10000 (max. 10000000)

